<?xml version="1.0" encoding="UTF-8"?>
<!-- Generated by org.testng.reporters.JUnitXMLReporter -->
<testsuite ignored="0" hostname="LAPTOP-PLNO5R2G" failures="0" tests="30" name="Tutorials Ninja S1 Test" time="153.189" errors="0" timestamp="2024-04-01T17:20:12 PDT">
  <testcase classname="com.qa.tutorialsninja.s1.testcases.TutorialsNinja_S1_LandingPageTest" name="getPageTitleAndCurrentUrl" time="0.063"/>
  <testcase classname="com.qa.tutorialsninja.s1.testcases.TutorialsNinja_S1_LandingPageTest" name="presenceOfQAFoxLink" time="0.15"/>
  <testcase classname="com.qa.tutorialsninja.s1.testcases.TutorialsNinja_S1_InboxPageTest" name="loginAndPresenceofMyAccountMessage" time="1.626"/>
  <testcase classname="com.qa.tutorialsninja.s1.testcases.TutorialsNinja_S1_LoginPageTest" name="loginWithValidCredentialsUsingDataProvider" time="1.531"/>
  <testcase classname="com.qa.tutorialsninja.s1.testcases.TutorialsNinja_S1_LoginPageTest" name="loginWithValidCredentialsUsingDataProvider" time="1.558"/>
  <testcase classname="com.qa.tutorialsninja.s1.testcases.TutorialsNinja_S1_LoginPageTest" name="loginWithValidCredentialsUsingDataProvider" time="1.509"/>
  <testcase classname="com.qa.tutorialsninja.s1.testcases.TutorialsNinja_S1_LoginPageTest" name="loginWithValidCredentialsUsingDataProvider" time="1.513"/>
  <testcase classname="com.qa.tutorialsninja.s1.testcases.TutorialsNinja_S1_LoginPageTest" name="loginWithValidCredentialsUsingDataProvider" time="1.55"/>
  <testcase classname="com.qa.tutorialsninja.s1.testcases.TutorialsNinja_S1_LoginPageTest" name="loginWithValidCredentialsUsingDataProvider" time="1.504"/>
  <testcase classname="com.qa.tutorialsninja.s1.testcases.TutorialsNinja_S1_LoginPageTest" name="loginWithValidCredentialsUsingDataProvider" time="1.523"/>
  <testcase classname="com.qa.tutorialsninja.s1.testcases.TutorialsNinja_S1_LoginPageTest" name="loginWithValidCredentialsUsingDataProvider" time="1.747"/>
  <testcase classname="com.qa.tutorialsninja.s1.testcases.TutorialsNinja_S1_LoginPageTest" name="loginWithValidCredentialsUsinExcelSheet" time="1.538"/>
  <testcase classname="com.qa.tutorialsninja.s1.testcases.TutorialsNinja_S1_LoginPageTest" name="loginWithValidCredentialsUsinExcelSheet" time="1.567"/>
  <testcase classname="com.qa.tutorialsninja.s1.testcases.TutorialsNinja_S1_LoginPageTest" name="loginWithValidCredentialsUsinExcelSheet" time="1.567"/>
  <testcase classname="com.qa.tutorialsninja.s1.testcases.TutorialsNinja_S1_LoginPageTest" name="loginWithValidCredentialsUsinExcelSheet" time="1.632"/>
  <testcase classname="com.qa.tutorialsninja.s1.testcases.TutorialsNinja_S1_LoginPageTest" name="loginWithValidCredentialsUsinExcelSheet" time="1.552"/>
  <testcase classname="com.qa.tutorialsninja.s1.testcases.TutorialsNinja_S1_LoginPageTest" name="loginWithValidCredentialsUsinExcelSheet" time="1.586"/>
  <testcase classname="com.qa.tutorialsninja.s1.testcases.TutorialsNinja_S1_LoginPageTest" name="loginWithValidCredentialsUsinExcelSheet" time="1.559"/>
  <testcase classname="com.qa.tutorialsninja.s1.testcases.TutorialsNinja_S1_LoginPageTest" name="loginWithValidCredentialsUsinExcelSheet" time="1.604"/>
  <testcase classname="com.qa.tutorialsninja.s1.testcases.TutorialsNinja_S1_LoginPageTest" name="loginWithInvalidCredentials" time="1.428"/>
  <testcase classname="com.qa.tutorialsninja.s1.testcases.TutorialsNinja_S1_LoginPageTest" name="loginWithValidUsernameInvalidPassword" time="1.3"/>
  <testcase classname="com.qa.tutorialsninja.s1.testcases.TutorialsNinja_S1_LoginPageTest" name="loginWithInvalidUsernamevalidPassword" time="1.334"/>
  <testcase classname="com.qa.tutorialsninja.s1.testcases.TutorialsNinja_S1_LoginPageTest" name="loginWithEmptyCrendtials" time="1.213"/>
  <testcase classname="com.qa.tutorialsninja.s1.testcases.TutorialsNinja_S1_LogoutPageTest" name="logoutAndPresenceOfLogoutMessage" time="2.156"/>
  <testcase classname="com.qa.tutorialsninja.s1.testcases.TutorialsNinja_S1_RegisterPageTest" name="registerWithMandotaryFields" time="0.803"/>
  <testcase classname="com.qa.tutorialsninja.s1.testcases.TutorialsNinja_S1_RegisterPageTest" name="registerWithAllFields" time="0.68"/>
  <testcase classname="com.qa.tutorialsninja.s1.testcases.TutorialsNinja_S1_RegisterPageTest" name="registerWithNoFields" time="0.611"/>
  <testcase classname="com.qa.tutorialsninja.s1.testcases.TutorialsNinja_S1_SearchPageTest" name="searchWithValidProduct" time="0.604"/>
  <testcase classname="com.qa.tutorialsninja.s1.testcases.TutorialsNinja_S1_SearchPageTest" name="searchWithInvalidProduct" time="0.548"/>
  <testcase classname="com.qa.tutorialsninja.s1.testcases.TutorialsNinja_S1_LinksPageTest" name="linkTests" time="4.487"/>
</testsuite> <!-- Tutorials Ninja S1 Test -->
