<?xml version="1.0" encoding="UTF-8"?>
<!-- Generated by org.testng.reporters.JUnitXMLReporter -->
<testsuite ignored="0" hostname="LAPTOP-PLNO5R2G" failures="0" tests="30" name="Tutorials Ninja S1 Test" time="154.05" errors="0" timestamp="2024-04-01T17:26:28 PDT">
  <testcase classname="com.qa.tutorialsninja.s1.testcases.TutorialsNinja_S1_LandingPageTest" name="getPageTitleAndCurrentUrl" time="0.042"/>
  <testcase classname="com.qa.tutorialsninja.s1.testcases.TutorialsNinja_S1_LandingPageTest" name="presenceOfQAFoxLink" time="0.111"/>
  <testcase classname="com.qa.tutorialsninja.s1.testcases.TutorialsNinja_S1_InboxPageTest" name="loginAndPresenceofMyAccountMessage" time="1.639"/>
  <testcase classname="com.qa.tutorialsninja.s1.testcases.TutorialsNinja_S1_LoginPageTest" name="loginWithValidCredentialsUsingDataProvider" time="1.533"/>
  <testcase classname="com.qa.tutorialsninja.s1.testcases.TutorialsNinja_S1_LoginPageTest" name="loginWithValidCredentialsUsingDataProvider" time="1.62"/>
  <testcase classname="com.qa.tutorialsninja.s1.testcases.TutorialsNinja_S1_LoginPageTest" name="loginWithValidCredentialsUsingDataProvider" time="1.821"/>
  <testcase classname="com.qa.tutorialsninja.s1.testcases.TutorialsNinja_S1_LoginPageTest" name="loginWithValidCredentialsUsingDataProvider" time="1.5"/>
  <testcase classname="com.qa.tutorialsninja.s1.testcases.TutorialsNinja_S1_LoginPageTest" name="loginWithValidCredentialsUsingDataProvider" time="1.528"/>
  <testcase classname="com.qa.tutorialsninja.s1.testcases.TutorialsNinja_S1_LoginPageTest" name="loginWithValidCredentialsUsingDataProvider" time="1.528"/>
  <testcase classname="com.qa.tutorialsninja.s1.testcases.TutorialsNinja_S1_LoginPageTest" name="loginWithValidCredentialsUsingDataProvider" time="1.513"/>
  <testcase classname="com.qa.tutorialsninja.s1.testcases.TutorialsNinja_S1_LoginPageTest" name="loginWithValidCredentialsUsingDataProvider" time="1.482"/>
  <testcase classname="com.qa.tutorialsninja.s1.testcases.TutorialsNinja_S1_LoginPageTest" name="loginWithValidCredentialsUsinExcelSheet" time="1.641"/>
  <testcase classname="com.qa.tutorialsninja.s1.testcases.TutorialsNinja_S1_LoginPageTest" name="loginWithValidCredentialsUsinExcelSheet" time="1.562"/>
  <testcase classname="com.qa.tutorialsninja.s1.testcases.TutorialsNinja_S1_LoginPageTest" name="loginWithValidCredentialsUsinExcelSheet" time="1.547"/>
  <testcase classname="com.qa.tutorialsninja.s1.testcases.TutorialsNinja_S1_LoginPageTest" name="loginWithValidCredentialsUsinExcelSheet" time="1.626"/>
  <testcase classname="com.qa.tutorialsninja.s1.testcases.TutorialsNinja_S1_LoginPageTest" name="loginWithValidCredentialsUsinExcelSheet" time="1.486"/>
  <testcase classname="com.qa.tutorialsninja.s1.testcases.TutorialsNinja_S1_LoginPageTest" name="loginWithValidCredentialsUsinExcelSheet" time="1.726"/>
  <testcase classname="com.qa.tutorialsninja.s1.testcases.TutorialsNinja_S1_LoginPageTest" name="loginWithValidCredentialsUsinExcelSheet" time="2.07"/>
  <testcase classname="com.qa.tutorialsninja.s1.testcases.TutorialsNinja_S1_LoginPageTest" name="loginWithValidCredentialsUsinExcelSheet" time="1.744"/>
  <testcase classname="com.qa.tutorialsninja.s1.testcases.TutorialsNinja_S1_LoginPageTest" name="loginWithInvalidCredentials" time="1.549"/>
  <testcase classname="com.qa.tutorialsninja.s1.testcases.TutorialsNinja_S1_LoginPageTest" name="loginWithValidUsernameInvalidPassword" time="1.658"/>
  <testcase classname="com.qa.tutorialsninja.s1.testcases.TutorialsNinja_S1_LoginPageTest" name="loginWithInvalidUsernamevalidPassword" time="1.578"/>
  <testcase classname="com.qa.tutorialsninja.s1.testcases.TutorialsNinja_S1_LoginPageTest" name="loginWithEmptyCrendtials" time="1.803"/>
  <testcase classname="com.qa.tutorialsninja.s1.testcases.TutorialsNinja_S1_LogoutPageTest" name="logoutAndPresenceOfLogoutMessage" time="2.34"/>
  <testcase classname="com.qa.tutorialsninja.s1.testcases.TutorialsNinja_S1_RegisterPageTest" name="registerWithMandotaryFields" time="0.729"/>
  <testcase classname="com.qa.tutorialsninja.s1.testcases.TutorialsNinja_S1_RegisterPageTest" name="registerWithAllFields" time="0.674"/>
  <testcase classname="com.qa.tutorialsninja.s1.testcases.TutorialsNinja_S1_RegisterPageTest" name="registerWithNoFields" time="0.662"/>
  <testcase classname="com.qa.tutorialsninja.s1.testcases.TutorialsNinja_S1_SearchPageTest" name="searchWithValidProduct" time="0.618"/>
  <testcase classname="com.qa.tutorialsninja.s1.testcases.TutorialsNinja_S1_SearchPageTest" name="searchWithInvalidProduct" time="0.571"/>
  <testcase classname="com.qa.tutorialsninja.s1.testcases.TutorialsNinja_S1_LinksPageTest" name="linkTests" time="4.456"/>
</testsuite> <!-- Tutorials Ninja S1 Test -->
